alb  galben  rosu  

alb  galben  verde  

alb  galben  albastru  

alb  galben  negru  

alb  verde  galben  

alb  verde  rosu  

alb  verde  albastru  

alb  verde  negru  

galben  verde  alb  

galben  verde  rosu  

galben  verde  albastru  

galben  verde  negru  

rosu  galben  alb  

rosu  galben  verde  

rosu  galben  albastru  

rosu  galben  negru  

rosu  verde  alb  

rosu  verde  galben  

rosu  verde  albastru  

rosu  verde  negru  

verde  galben  alb  

verde  galben  rosu  

verde  galben  albastru  

verde  galben  negru  

albastru  galben  alb  

albastru  galben  rosu  

albastru  galben  verde  

albastru  galben  negru  

albastru  verde  alb  

albastru  verde  galben  

albastru  verde  rosu  

albastru  verde  negru  

negru  galben  alb  

negru  galben  rosu  

negru  galben  verde  

negru  galben  albastru  

negru  verde  alb  

negru  verde  galben  

negru  verde  rosu  

negru  verde  albastru  

